15:35:18.560 [http-nio-8443-exec-283] DEBUG com.pankratov.prodlist.model.JDBCUsDAO - i am createdcom.pankratov.prodlist.model.JDBCUsDAO@12aa938
15:36:10.447 [http-nio-8443-exec-290] ERROR com.pankratov.prodlist.model.JDBCUsDAO - 'readUser error' wrong db tables
java.sql.SQLException: Invalid column name
	at com.sun.rowset.CachedRowSetImpl.getColIdxByName(CachedRowSetImpl.java:1639) ~[?:1.7.0_25]
	at com.sun.rowset.CachedRowSetImpl.getString(CachedRowSetImpl.java:2481) ~[?:1.7.0_25]
	at com.sun.rowset.JoinRowSetImpl.getString(JoinRowSetImpl.java:1308) ~[?:1.7.0_25]
	at com.pankratov.prodlist.model.JDBCUsDAO.readUser(JDBCUsDAO.java:102) [JDBCUsDAO.class:?]
	at com.pankratov.prodlist.web.ShowUserServlet.doPost(ShowUserServlet.java:84) [ShowUserServlet.class:?]
	at javax.servlet.http.HttpServlet.service(HttpServlet.java:644) [servlet-api.jar:?]
	at javax.servlet.http.HttpServlet.service(HttpServlet.java:725) [servlet-api.jar:?]
	at org.apache.catalina.core.ApplicationFilterChain.internalDoFilter(ApplicationFilterChain.java:301) [catalina.jar:8.0.3]
	at org.apache.catalina.core.ApplicationFilterChain.doFilter(ApplicationFilterChain.java:206) [catalina.jar:8.0.3]
	at org.apache.tomcat.websocket.server.WsFilter.doFilter(WsFilter.java:52) [tomcat-websocket.jar:8.0.3]
	at org.apache.catalina.core.ApplicationFilterChain.internalDoFilter(ApplicationFilterChain.java:239) [catalina.jar:8.0.3]
	at org.apache.catalina.core.ApplicationFilterChain.doFilter(ApplicationFilterChain.java:206) [catalina.jar:8.0.3]
	at org.netbeans.modules.web.monitor.server.MonitorFilter.doFilter(MonitorFilter.java:393) [org-netbeans-modules-web-httpmonitor.jar:?]
	at org.apache.catalina.core.ApplicationFilterChain.internalDoFilter(ApplicationFilterChain.java:239) [catalina.jar:8.0.3]
	at org.apache.catalina.core.ApplicationFilterChain.doFilter(ApplicationFilterChain.java:206) [catalina.jar:8.0.3]
	at org.apache.catalina.core.StandardWrapperValve.invoke(StandardWrapperValve.java:219) [catalina.jar:8.0.3]
	at org.apache.catalina.core.StandardContextValve.invoke(StandardContextValve.java:106) [catalina.jar:8.0.3]
	at org.apache.catalina.authenticator.AuthenticatorBase.invoke(AuthenticatorBase.java:615) [catalina.jar:8.0.3]
	at org.apache.catalina.core.StandardHostValve.invoke(StandardHostValve.java:136) [catalina.jar:8.0.3]
	at org.apache.catalina.valves.ErrorReportValve.invoke(ErrorReportValve.java:74) [catalina.jar:8.0.3]
	at org.apache.catalina.valves.AbstractAccessLogValve.invoke(AbstractAccessLogValve.java:610) [catalina.jar:8.0.3]
	at org.apache.catalina.core.StandardEngineValve.invoke(StandardEngineValve.java:88) [catalina.jar:8.0.3]
	at org.apache.catalina.connector.CoyoteAdapter.service(CoyoteAdapter.java:516) [catalina.jar:8.0.3]
	at org.apache.coyote.http11.AbstractHttp11Processor.process(AbstractHttp11Processor.java:1015) [tomcat-coyote.jar:8.0.3]
	at org.apache.coyote.AbstractProtocol$AbstractConnectionHandler.process(AbstractProtocol.java:652) [tomcat-coyote.jar:8.0.3]
	at org.apache.coyote.http11.Http11NioProtocol$Http11ConnectionHandler.process(Http11NioProtocol.java:222) [tomcat-coyote.jar:8.0.3]
	at org.apache.tomcat.util.net.NioEndpoint$SocketProcessor.doRun(NioEndpoint.java:1575) [tomcat-coyote.jar:8.0.3]
	at org.apache.tomcat.util.net.NioEndpoint$SocketProcessor.run(NioEndpoint.java:1533) [tomcat-coyote.jar:8.0.3]
	at java.util.concurrent.ThreadPoolExecutor.runWorker(ThreadPoolExecutor.java:1145) [?:1.7.0_25]
	at java.util.concurrent.ThreadPoolExecutor$Worker.run(ThreadPoolExecutor.java:615) [?:1.7.0_25]
	at java.lang.Thread.run(Thread.java:724) [?:1.7.0_25]
17:18:23.556 [http-nio-8443-exec-296] DEBUG com.pankratov.prodlist.model.JDBCUsDAO - i am createdcom.pankratov.prodlist.model.JDBCUsDAO@1856575
17:22:56.573 [http-nio-8443-exec-304] DEBUG com.pankratov.prodlist.model.JDBCUsDAO - i am createdcom.pankratov.prodlist.model.JDBCUsDAO@1ffc3d9
17:24:24.641 [http-nio-8443-exec-297] DEBUG com.pankratov.prodlist.model.JDBCUsDAO - i am createdcom.pankratov.prodlist.model.JDBCUsDAO@1fc5ca3
17:31:16.134 [http-nio-8443-exec-323] DEBUG com.pankratov.prodlist.model.JDBCUsDAO - i am createdcom.pankratov.prodlist.model.JDBCUsDAO@4257f1
17:34:11.795 [http-nio-8443-exec-326] DEBUG com.pankratov.prodlist.model.JDBCUsDAO - i am createdcom.pankratov.prodlist.model.JDBCUsDAO@1988405
17:36:45.268 [http-nio-8443-exec-337] DEBUG com.pankratov.prodlist.model.JDBCUsDAO - i am createdcom.pankratov.prodlist.model.JDBCUsDAO@2c8869
17:39:45.456 [http-nio-8443-exec-316] DEBUG com.pankratov.prodlist.model.JDBCUsDAO - i am createdcom.pankratov.prodlist.model.JDBCUsDAO@f1072a
17:41:43.784 [http-nio-8443-exec-347] DEBUG com.pankratov.prodlist.model.JDBCUsDAO - i am createdcom.pankratov.prodlist.model.JDBCUsDAO@ada0d1
15:34:09.738 [http-nio-8443-exec-5] ERROR com.pankratov.prodlist.model.JDBCUsDAO - JDBCUsDAO creation error
java.lang.NullPointerException
	at com.pankratov.prodlist.model.JDBCUsDAO.<init>(JDBCUsDAO.java:107) [JDBCUsDAO.class:?]
	at com.pankratov.prodlist.model.JDBCUsDAO.getInstance(JDBCUsDAO.java:74) [JDBCUsDAO.class:?]
	at com.pankratov.prodlist.model.UserDAOFactory.getUserDAOInstance(UserDAOFactory.java:21) [UserDAOFactory.class:?]
	at com.pankratov.prodlist.web.ShowUserServlet.doPost(ShowUserServlet.java:83) [ShowUserServlet.class:?]
	at javax.servlet.http.HttpServlet.service(HttpServlet.java:644) [servlet-api.jar:?]
	at javax.servlet.http.HttpServlet.service(HttpServlet.java:725) [servlet-api.jar:?]
	at org.apache.catalina.core.ApplicationFilterChain.internalDoFilter(ApplicationFilterChain.java:301) [catalina.jar:8.0.3]
	at org.apache.catalina.core.ApplicationFilterChain.doFilter(ApplicationFilterChain.java:206) [catalina.jar:8.0.3]
	at org.apache.tomcat.websocket.server.WsFilter.doFilter(WsFilter.java:52) [tomcat-websocket.jar:8.0.3]
	at org.apache.catalina.core.ApplicationFilterChain.internalDoFilter(ApplicationFilterChain.java:239) [catalina.jar:8.0.3]
	at org.apache.catalina.core.ApplicationFilterChain.doFilter(ApplicationFilterChain.java:206) [catalina.jar:8.0.3]
	at org.netbeans.modules.web.monitor.server.MonitorFilter.doFilter(MonitorFilter.java:393) [org-netbeans-modules-web-httpmonitor.jar:?]
	at org.apache.catalina.core.ApplicationFilterChain.internalDoFilter(ApplicationFilterChain.java:239) [catalina.jar:8.0.3]
	at org.apache.catalina.core.ApplicationFilterChain.doFilter(ApplicationFilterChain.java:206) [catalina.jar:8.0.3]
	at org.apache.catalina.core.StandardWrapperValve.invoke(StandardWrapperValve.java:219) [catalina.jar:8.0.3]
	at org.apache.catalina.core.StandardContextValve.invoke(StandardContextValve.java:106) [catalina.jar:8.0.3]
	at org.apache.catalina.authenticator.AuthenticatorBase.invoke(AuthenticatorBase.java:615) [catalina.jar:8.0.3]
	at org.apache.catalina.core.StandardHostValve.invoke(StandardHostValve.java:136) [catalina.jar:8.0.3]
	at org.apache.catalina.valves.ErrorReportValve.invoke(ErrorReportValve.java:74) [catalina.jar:8.0.3]
	at org.apache.catalina.valves.AbstractAccessLogValve.invoke(AbstractAccessLogValve.java:610) [catalina.jar:8.0.3]
	at org.apache.catalina.core.StandardEngineValve.invoke(StandardEngineValve.java:88) [catalina.jar:8.0.3]
	at org.apache.catalina.connector.CoyoteAdapter.service(CoyoteAdapter.java:516) [catalina.jar:8.0.3]
	at org.apache.coyote.http11.AbstractHttp11Processor.process(AbstractHttp11Processor.java:1015) [tomcat-coyote.jar:8.0.3]
	at org.apache.coyote.AbstractProtocol$AbstractConnectionHandler.process(AbstractProtocol.java:652) [tomcat-coyote.jar:8.0.3]
	at org.apache.coyote.http11.Http11NioProtocol$Http11ConnectionHandler.process(Http11NioProtocol.java:222) [tomcat-coyote.jar:8.0.3]
	at org.apache.tomcat.util.net.NioEndpoint$SocketProcessor.doRun(NioEndpoint.java:1575) [tomcat-coyote.jar:8.0.3]
	at org.apache.tomcat.util.net.NioEndpoint$SocketProcessor.run(NioEndpoint.java:1533) [tomcat-coyote.jar:8.0.3]
	at java.util.concurrent.ThreadPoolExecutor.runWorker(ThreadPoolExecutor.java:1145) [?:1.7.0_25]
	at java.util.concurrent.ThreadPoolExecutor$Worker.run(ThreadPoolExecutor.java:615) [?:1.7.0_25]
	at java.lang.Thread.run(Thread.java:724) [?:1.7.0_25]
15:37:00.560 [Finalizer] DEBUG com.pankratov.prodlist.model.JDBCUsDAO - Rippedcom.pankratov.prodlist.model.JDBCUsDAO@aa32cd
15:37:22.851 [http-nio-8443-exec-10] DEBUG com.pankratov.prodlist.model.JDBCUsDAO - i am createdcom.pankratov.prodlist.model.JDBCUsDAO@9d0dac
15:37:22.911 [http-nio-8443-exec-10] ERROR com.pankratov.prodlist.model.JDBCUsDAO - 'readUser error' wrong db tables
java.lang.NullPointerException
	at com.pankratov.prodlist.model.JDBCUsDAO$Table.access$500(JDBCUsDAO.java:23) ~[JDBCUsDAO$Table.class:?]
	at com.pankratov.prodlist.model.JDBCUsDAO.readUser(JDBCUsDAO.java:126) [JDBCUsDAO.class:?]
	at com.pankratov.prodlist.web.ShowUserServlet.doPost(ShowUserServlet.java:84) [ShowUserServlet.class:?]
	at javax.servlet.http.HttpServlet.service(HttpServlet.java:644) [servlet-api.jar:?]
	at javax.servlet.http.HttpServlet.service(HttpServlet.java:725) [servlet-api.jar:?]
	at org.apache.catalina.core.ApplicationFilterChain.internalDoFilter(ApplicationFilterChain.java:301) [catalina.jar:8.0.3]
	at org.apache.catalina.core.ApplicationFilterChain.doFilter(ApplicationFilterChain.java:206) [catalina.jar:8.0.3]
	at org.apache.tomcat.websocket.server.WsFilter.doFilter(WsFilter.java:52) [tomcat-websocket.jar:8.0.3]
	at org.apache.catalina.core.ApplicationFilterChain.internalDoFilter(ApplicationFilterChain.java:239) [catalina.jar:8.0.3]
	at org.apache.catalina.core.ApplicationFilterChain.doFilter(ApplicationFilterChain.java:206) [catalina.jar:8.0.3]
	at org.netbeans.modules.web.monitor.server.MonitorFilter.doFilter(MonitorFilter.java:393) [org-netbeans-modules-web-httpmonitor.jar:?]
	at org.apache.catalina.core.ApplicationFilterChain.internalDoFilter(ApplicationFilterChain.java:239) [catalina.jar:8.0.3]
	at org.apache.catalina.core.ApplicationFilterChain.doFilter(ApplicationFilterChain.java:206) [catalina.jar:8.0.3]
	at org.apache.catalina.core.StandardWrapperValve.invoke(StandardWrapperValve.java:219) [catalina.jar:8.0.3]
	at org.apache.catalina.core.StandardContextValve.invoke(StandardContextValve.java:106) [catalina.jar:8.0.3]
	at org.apache.catalina.authenticator.AuthenticatorBase.invoke(AuthenticatorBase.java:615) [catalina.jar:8.0.3]
	at org.apache.catalina.core.StandardHostValve.invoke(StandardHostValve.java:136) [catalina.jar:8.0.3]
	at org.apache.catalina.valves.ErrorReportValve.invoke(ErrorReportValve.java:74) [catalina.jar:8.0.3]
	at org.apache.catalina.valves.AbstractAccessLogValve.invoke(AbstractAccessLogValve.java:610) [catalina.jar:8.0.3]
	at org.apache.catalina.core.StandardEngineValve.invoke(StandardEngineValve.java:88) [catalina.jar:8.0.3]
	at org.apache.catalina.connector.CoyoteAdapter.service(CoyoteAdapter.java:516) [catalina.jar:8.0.3]
	at org.apache.coyote.http11.AbstractHttp11Processor.process(AbstractHttp11Processor.java:1015) [tomcat-coyote.jar:8.0.3]
	at org.apache.coyote.AbstractProtocol$AbstractConnectionHandler.process(AbstractProtocol.java:652) [tomcat-coyote.jar:8.0.3]
	at org.apache.coyote.http11.Http11NioProtocol$Http11ConnectionHandler.process(Http11NioProtocol.java:222) [tomcat-coyote.jar:8.0.3]
	at org.apache.tomcat.util.net.NioEndpoint$SocketProcessor.doRun(NioEndpoint.java:1575) [tomcat-coyote.jar:8.0.3]
	at org.apache.tomcat.util.net.NioEndpoint$SocketProcessor.run(NioEndpoint.java:1533) [tomcat-coyote.jar:8.0.3]
	at java.util.concurrent.ThreadPoolExecutor.runWorker(ThreadPoolExecutor.java:1145) [?:1.7.0_25]
	at java.util.concurrent.ThreadPoolExecutor$Worker.run(ThreadPoolExecutor.java:615) [?:1.7.0_25]
	at java.lang.Thread.run(Thread.java:724) [?:1.7.0_25]
15:45:23.004 [http-nio-8443-exec-15] DEBUG com.pankratov.prodlist.model.JDBCUsDAO - i am createdcom.pankratov.prodlist.model.JDBCUsDAO@ecc080
15:45:23.015 [http-nio-8443-exec-15] ERROR com.pankratov.prodlist.model.JDBCUsDAO - 'readUser error' wrong db tables
java.lang.NullPointerException
	at com.pankratov.prodlist.model.JDBCUsDAO$Table.access$500(JDBCUsDAO.java:23) ~[JDBCUsDAO$Table.class:?]
	at com.pankratov.prodlist.model.JDBCUsDAO.readUser(JDBCUsDAO.java:128) [JDBCUsDAO.class:?]
	at com.pankratov.prodlist.web.ShowUserServlet.doPost(ShowUserServlet.java:84) [ShowUserServlet.class:?]
	at javax.servlet.http.HttpServlet.service(HttpServlet.java:644) [servlet-api.jar:?]
	at javax.servlet.http.HttpServlet.service(HttpServlet.java:725) [servlet-api.jar:?]
	at org.apache.catalina.core.ApplicationFilterChain.internalDoFilter(ApplicationFilterChain.java:301) [catalina.jar:8.0.3]
	at org.apache.catalina.core.ApplicationFilterChain.doFilter(ApplicationFilterChain.java:206) [catalina.jar:8.0.3]
	at org.apache.tomcat.websocket.server.WsFilter.doFilter(WsFilter.java:52) [tomcat-websocket.jar:8.0.3]
	at org.apache.catalina.core.ApplicationFilterChain.internalDoFilter(ApplicationFilterChain.java:239) [catalina.jar:8.0.3]
	at org.apache.catalina.core.ApplicationFilterChain.doFilter(ApplicationFilterChain.java:206) [catalina.jar:8.0.3]
	at org.netbeans.modules.web.monitor.server.MonitorFilter.doFilter(MonitorFilter.java:393) [org-netbeans-modules-web-httpmonitor.jar:?]
	at org.apache.catalina.core.ApplicationFilterChain.internalDoFilter(ApplicationFilterChain.java:239) [catalina.jar:8.0.3]
	at org.apache.catalina.core.ApplicationFilterChain.doFilter(ApplicationFilterChain.java:206) [catalina.jar:8.0.3]
	at org.apache.catalina.core.StandardWrapperValve.invoke(StandardWrapperValve.java:219) [catalina.jar:8.0.3]
	at org.apache.catalina.core.StandardContextValve.invoke(StandardContextValve.java:106) [catalina.jar:8.0.3]
	at org.apache.catalina.authenticator.AuthenticatorBase.invoke(AuthenticatorBase.java:615) [catalina.jar:8.0.3]
	at org.apache.catalina.core.StandardHostValve.invoke(StandardHostValve.java:136) [catalina.jar:8.0.3]
	at org.apache.catalina.valves.ErrorReportValve.invoke(ErrorReportValve.java:74) [catalina.jar:8.0.3]
	at org.apache.catalina.valves.AbstractAccessLogValve.invoke(AbstractAccessLogValve.java:610) [catalina.jar:8.0.3]
	at org.apache.catalina.core.StandardEngineValve.invoke(StandardEngineValve.java:88) [catalina.jar:8.0.3]
	at org.apache.catalina.connector.CoyoteAdapter.service(CoyoteAdapter.java:516) [catalina.jar:8.0.3]
	at org.apache.coyote.http11.AbstractHttp11Processor.process(AbstractHttp11Processor.java:1015) [tomcat-coyote.jar:8.0.3]
	at org.apache.coyote.AbstractProtocol$AbstractConnectionHandler.process(AbstractProtocol.java:652) [tomcat-coyote.jar:8.0.3]
	at org.apache.coyote.http11.Http11NioProtocol$Http11ConnectionHandler.process(Http11NioProtocol.java:222) [tomcat-coyote.jar:8.0.3]
	at org.apache.tomcat.util.net.NioEndpoint$SocketProcessor.doRun(NioEndpoint.java:1575) [tomcat-coyote.jar:8.0.3]
	at org.apache.tomcat.util.net.NioEndpoint$SocketProcessor.run(NioEndpoint.java:1533) [tomcat-coyote.jar:8.0.3]
	at java.util.concurrent.ThreadPoolExecutor.runWorker(ThreadPoolExecutor.java:1145) [?:1.7.0_25]
	at java.util.concurrent.ThreadPoolExecutor$Worker.run(ThreadPoolExecutor.java:615) [?:1.7.0_25]
	at java.lang.Thread.run(Thread.java:724) [?:1.7.0_25]
15:47:26.662 [http-nio-8443-exec-25] DEBUG com.pankratov.prodlist.model.JDBCUsDAO - i am createdcom.pankratov.prodlist.model.JDBCUsDAO@168f5f4
15:47:26.665 [http-nio-8443-exec-25] ERROR com.pankratov.prodlist.model.JDBCUsDAO - 'readUser error' wrong db tables
java.lang.NullPointerException
	at com.pankratov.prodlist.model.JDBCUsDAO$Table.access$500(JDBCUsDAO.java:23) ~[JDBCUsDAO$Table.class:?]
	at com.pankratov.prodlist.model.JDBCUsDAO.readUser(JDBCUsDAO.java:129) [JDBCUsDAO.class:?]
	at com.pankratov.prodlist.web.ShowUserServlet.doPost(ShowUserServlet.java:84) [ShowUserServlet.class:?]
	at javax.servlet.http.HttpServlet.service(HttpServlet.java:644) [servlet-api.jar:?]
	at javax.servlet.http.HttpServlet.service(HttpServlet.java:725) [servlet-api.jar:?]
	at org.apache.catalina.core.ApplicationFilterChain.internalDoFilter(ApplicationFilterChain.java:301) [catalina.jar:8.0.3]
	at org.apache.catalina.core.ApplicationFilterChain.doFilter(ApplicationFilterChain.java:206) [catalina.jar:8.0.3]
	at org.apache.tomcat.websocket.server.WsFilter.doFilter(WsFilter.java:52) [tomcat-websocket.jar:8.0.3]
	at org.apache.catalina.core.ApplicationFilterChain.internalDoFilter(ApplicationFilterChain.java:239) [catalina.jar:8.0.3]
	at org.apache.catalina.core.ApplicationFilterChain.doFilter(ApplicationFilterChain.java:206) [catalina.jar:8.0.3]
	at org.netbeans.modules.web.monitor.server.MonitorFilter.doFilter(MonitorFilter.java:393) [org-netbeans-modules-web-httpmonitor.jar:?]
	at org.apache.catalina.core.ApplicationFilterChain.internalDoFilter(ApplicationFilterChain.java:239) [catalina.jar:8.0.3]
	at org.apache.catalina.core.ApplicationFilterChain.doFilter(ApplicationFilterChain.java:206) [catalina.jar:8.0.3]
	at org.apache.catalina.core.StandardWrapperValve.invoke(StandardWrapperValve.java:219) [catalina.jar:8.0.3]
	at org.apache.catalina.core.StandardContextValve.invoke(StandardContextValve.java:106) [catalina.jar:8.0.3]
	at org.apache.catalina.authenticator.AuthenticatorBase.invoke(AuthenticatorBase.java:615) [catalina.jar:8.0.3]
	at org.apache.catalina.core.StandardHostValve.invoke(StandardHostValve.java:136) [catalina.jar:8.0.3]
	at org.apache.catalina.valves.ErrorReportValve.invoke(ErrorReportValve.java:74) [catalina.jar:8.0.3]
	at org.apache.catalina.valves.AbstractAccessLogValve.invoke(AbstractAccessLogValve.java:610) [catalina.jar:8.0.3]
	at org.apache.catalina.core.StandardEngineValve.invoke(StandardEngineValve.java:88) [catalina.jar:8.0.3]
	at org.apache.catalina.connector.CoyoteAdapter.service(CoyoteAdapter.java:516) [catalina.jar:8.0.3]
	at org.apache.coyote.http11.AbstractHttp11Processor.process(AbstractHttp11Processor.java:1015) [tomcat-coyote.jar:8.0.3]
	at org.apache.coyote.AbstractProtocol$AbstractConnectionHandler.process(AbstractProtocol.java:652) [tomcat-coyote.jar:8.0.3]
	at org.apache.coyote.http11.Http11NioProtocol$Http11ConnectionHandler.process(Http11NioProtocol.java:222) [tomcat-coyote.jar:8.0.3]
	at org.apache.tomcat.util.net.NioEndpoint$SocketProcessor.doRun(NioEndpoint.java:1575) [tomcat-coyote.jar:8.0.3]
	at org.apache.tomcat.util.net.NioEndpoint$SocketProcessor.run(NioEndpoint.java:1533) [tomcat-coyote.jar:8.0.3]
	at java.util.concurrent.ThreadPoolExecutor.runWorker(ThreadPoolExecutor.java:1145) [?:1.7.0_25]
	at java.util.concurrent.ThreadPoolExecutor$Worker.run(ThreadPoolExecutor.java:615) [?:1.7.0_25]
	at java.lang.Thread.run(Thread.java:724) [?:1.7.0_25]
15:50:22.587 [http-nio-8443-exec-3] DEBUG com.pankratov.prodlist.model.JDBCUsDAO - i am createdcom.pankratov.prodlist.model.JDBCUsDAO@584c46
15:50:22.708 [http-nio-8443-exec-3] ERROR com.pankratov.prodlist.model.JDBCUsDAO - 'readUser error' wrong db tables
java.lang.NullPointerException
	at com.pankratov.prodlist.model.JDBCUsDAO$Table.access$500(JDBCUsDAO.java:23) ~[JDBCUsDAO$Table.class:?]
	at com.pankratov.prodlist.model.JDBCUsDAO.readUser(JDBCUsDAO.java:129) [JDBCUsDAO.class:?]
	at com.pankratov.prodlist.web.ShowUserServlet.doPost(ShowUserServlet.java:84) [ShowUserServlet.class:?]
	at javax.servlet.http.HttpServlet.service(HttpServlet.java:644) [servlet-api.jar:?]
	at javax.servlet.http.HttpServlet.service(HttpServlet.java:725) [servlet-api.jar:?]
	at org.apache.catalina.core.ApplicationFilterChain.internalDoFilter(ApplicationFilterChain.java:301) [catalina.jar:8.0.3]
	at org.apache.catalina.core.ApplicationFilterChain.doFilter(ApplicationFilterChain.java:206) [catalina.jar:8.0.3]
	at org.apache.tomcat.websocket.server.WsFilter.doFilter(WsFilter.java:52) [tomcat-websocket.jar:8.0.3]
	at org.apache.catalina.core.ApplicationFilterChain.internalDoFilter(ApplicationFilterChain.java:239) [catalina.jar:8.0.3]
	at org.apache.catalina.core.ApplicationFilterChain.doFilter(ApplicationFilterChain.java:206) [catalina.jar:8.0.3]
	at org.netbeans.modules.web.monitor.server.MonitorFilter.doFilter(MonitorFilter.java:393) [org-netbeans-modules-web-httpmonitor.jar:?]
	at org.apache.catalina.core.ApplicationFilterChain.internalDoFilter(ApplicationFilterChain.java:239) [catalina.jar:8.0.3]
	at org.apache.catalina.core.ApplicationFilterChain.doFilter(ApplicationFilterChain.java:206) [catalina.jar:8.0.3]
	at org.apache.catalina.core.StandardWrapperValve.invoke(StandardWrapperValve.java:219) [catalina.jar:8.0.3]
	at org.apache.catalina.core.StandardContextValve.invoke(StandardContextValve.java:106) [catalina.jar:8.0.3]
	at org.apache.catalina.authenticator.AuthenticatorBase.invoke(AuthenticatorBase.java:615) [catalina.jar:8.0.3]
	at org.apache.catalina.core.StandardHostValve.invoke(StandardHostValve.java:136) [catalina.jar:8.0.3]
	at org.apache.catalina.valves.ErrorReportValve.invoke(ErrorReportValve.java:74) [catalina.jar:8.0.3]
	at org.apache.catalina.valves.AbstractAccessLogValve.invoke(AbstractAccessLogValve.java:610) [catalina.jar:8.0.3]
	at org.apache.catalina.core.StandardEngineValve.invoke(StandardEngineValve.java:88) [catalina.jar:8.0.3]
	at org.apache.catalina.connector.CoyoteAdapter.service(CoyoteAdapter.java:516) [catalina.jar:8.0.3]
	at org.apache.coyote.http11.AbstractHttp11Processor.process(AbstractHttp11Processor.java:1015) [tomcat-coyote.jar:8.0.3]
	at org.apache.coyote.AbstractProtocol$AbstractConnectionHandler.process(AbstractProtocol.java:652) [tomcat-coyote.jar:8.0.3]
	at org.apache.coyote.http11.Http11NioProtocol$Http11ConnectionHandler.process(Http11NioProtocol.java:222) [tomcat-coyote.jar:8.0.3]
	at org.apache.tomcat.util.net.NioEndpoint$SocketProcessor.doRun(NioEndpoint.java:1575) [tomcat-coyote.jar:8.0.3]
	at org.apache.tomcat.util.net.NioEndpoint$SocketProcessor.run(NioEndpoint.java:1533) [tomcat-coyote.jar:8.0.3]
	at java.util.concurrent.ThreadPoolExecutor.runWorker(ThreadPoolExecutor.java:1145) [?:1.7.0_25]
	at java.util.concurrent.ThreadPoolExecutor$Worker.run(ThreadPoolExecutor.java:615) [?:1.7.0_25]
	at java.lang.Thread.run(Thread.java:724) [?:1.7.0_25]
15:50:50.532 [http-nio-8443-exec-3] DEBUG com.pankratov.prodlist.model.JDBCUsDAO - i am createdcom.pankratov.prodlist.model.JDBCUsDAO@12872a5
15:50:50.535 [http-nio-8443-exec-3] ERROR com.pankratov.prodlist.model.JDBCUsDAO - 'readUser error' wrong db tables
java.lang.NullPointerException
	at com.pankratov.prodlist.model.JDBCUsDAO$Table.access$500(JDBCUsDAO.java:23) ~[JDBCUsDAO$Table.class:?]
	at com.pankratov.prodlist.model.JDBCUsDAO.readUser(JDBCUsDAO.java:129) [JDBCUsDAO.class:?]
	at com.pankratov.prodlist.web.ShowUserServlet.doPost(ShowUserServlet.java:84) [ShowUserServlet.class:?]
	at javax.servlet.http.HttpServlet.service(HttpServlet.java:644) [servlet-api.jar:?]
	at javax.servlet.http.HttpServlet.service(HttpServlet.java:725) [servlet-api.jar:?]
	at org.apache.catalina.core.ApplicationFilterChain.internalDoFilter(ApplicationFilterChain.java:301) [catalina.jar:8.0.3]
	at org.apache.catalina.core.ApplicationFilterChain.doFilter(ApplicationFilterChain.java:206) [catalina.jar:8.0.3]
	at org.apache.tomcat.websocket.server.WsFilter.doFilter(WsFilter.java:52) [tomcat-websocket.jar:8.0.3]
	at org.apache.catalina.core.ApplicationFilterChain.internalDoFilter(ApplicationFilterChain.java:239) [catalina.jar:8.0.3]
	at org.apache.catalina.core.ApplicationFilterChain.doFilter(ApplicationFilterChain.java:206) [catalina.jar:8.0.3]
	at org.netbeans.modules.web.monitor.server.MonitorFilter.doFilter(MonitorFilter.java:393) [org-netbeans-modules-web-httpmonitor.jar:?]
	at org.apache.catalina.core.ApplicationFilterChain.internalDoFilter(ApplicationFilterChain.java:239) [catalina.jar:8.0.3]
	at org.apache.catalina.core.ApplicationFilterChain.doFilter(ApplicationFilterChain.java:206) [catalina.jar:8.0.3]
	at org.apache.catalina.core.StandardWrapperValve.invoke(StandardWrapperValve.java:219) [catalina.jar:8.0.3]
	at org.apache.catalina.core.StandardContextValve.invoke(StandardContextValve.java:106) [catalina.jar:8.0.3]
	at org.apache.catalina.authenticator.AuthenticatorBase.invoke(AuthenticatorBase.java:615) [catalina.jar:8.0.3]
	at org.apache.catalina.core.StandardHostValve.invoke(StandardHostValve.java:136) [catalina.jar:8.0.3]
	at org.apache.catalina.valves.ErrorReportValve.invoke(ErrorReportValve.java:74) [catalina.jar:8.0.3]
	at org.apache.catalina.valves.AbstractAccessLogValve.invoke(AbstractAccessLogValve.java:610) [catalina.jar:8.0.3]
	at org.apache.catalina.core.StandardEngineValve.invoke(StandardEngineValve.java:88) [catalina.jar:8.0.3]
	at org.apache.catalina.connector.CoyoteAdapter.service(CoyoteAdapter.java:516) [catalina.jar:8.0.3]
	at org.apache.coyote.http11.AbstractHttp11Processor.process(AbstractHttp11Processor.java:1015) [tomcat-coyote.jar:8.0.3]
	at org.apache.coyote.AbstractProtocol$AbstractConnectionHandler.process(AbstractProtocol.java:652) [tomcat-coyote.jar:8.0.3]
	at org.apache.coyote.http11.Http11NioProtocol$Http11ConnectionHandler.process(Http11NioProtocol.java:222) [tomcat-coyote.jar:8.0.3]
	at org.apache.tomcat.util.net.NioEndpoint$SocketProcessor.doRun(NioEndpoint.java:1575) [tomcat-coyote.jar:8.0.3]
	at org.apache.tomcat.util.net.NioEndpoint$SocketProcessor.run(NioEndpoint.java:1533) [tomcat-coyote.jar:8.0.3]
	at java.util.concurrent.ThreadPoolExecutor.runWorker(ThreadPoolExecutor.java:1145) [?:1.7.0_25]
	at java.util.concurrent.ThreadPoolExecutor$Worker.run(ThreadPoolExecutor.java:615) [?:1.7.0_25]
	at java.lang.Thread.run(Thread.java:724) [?:1.7.0_25]
15:58:07.793 [http-nio-8443-exec-1] DEBUG com.pankratov.prodlist.model.JDBCUsDAO - i am createdcom.pankratov.prodlist.model.JDBCUsDAO@1ed8fe6
15:58:07.798 [http-nio-8443-exec-1] ERROR com.pankratov.prodlist.model.JDBCUsDAO - 'readUser error' wrong db tables
java.lang.NullPointerException
	at com.pankratov.prodlist.model.JDBCUsDAO$Table.access$500(JDBCUsDAO.java:23) ~[JDBCUsDAO$Table.class:?]
	at com.pankratov.prodlist.model.JDBCUsDAO.readUser(JDBCUsDAO.java:129) [JDBCUsDAO.class:?]
	at com.pankratov.prodlist.web.ShowUserServlet.doPost(ShowUserServlet.java:84) [ShowUserServlet.class:?]
	at javax.servlet.http.HttpServlet.service(HttpServlet.java:644) [servlet-api.jar:?]
	at javax.servlet.http.HttpServlet.service(HttpServlet.java:725) [servlet-api.jar:?]
	at org.apache.catalina.core.ApplicationFilterChain.internalDoFilter(ApplicationFilterChain.java:301) [catalina.jar:8.0.3]
	at org.apache.catalina.core.ApplicationFilterChain.doFilter(ApplicationFilterChain.java:206) [catalina.jar:8.0.3]
	at org.apache.tomcat.websocket.server.WsFilter.doFilter(WsFilter.java:52) [tomcat-websocket.jar:8.0.3]
	at org.apache.catalina.core.ApplicationFilterChain.internalDoFilter(ApplicationFilterChain.java:239) [catalina.jar:8.0.3]
	at org.apache.catalina.core.ApplicationFilterChain.doFilter(ApplicationFilterChain.java:206) [catalina.jar:8.0.3]
	at org.netbeans.modules.web.monitor.server.MonitorFilter.doFilter(MonitorFilter.java:393) [org-netbeans-modules-web-httpmonitor.jar:?]
	at org.apache.catalina.core.ApplicationFilterChain.internalDoFilter(ApplicationFilterChain.java:239) [catalina.jar:8.0.3]
	at org.apache.catalina.core.ApplicationFilterChain.doFilter(ApplicationFilterChain.java:206) [catalina.jar:8.0.3]
	at org.apache.catalina.core.StandardWrapperValve.invoke(StandardWrapperValve.java:219) [catalina.jar:8.0.3]
	at org.apache.catalina.core.StandardContextValve.invoke(StandardContextValve.java:106) [catalina.jar:8.0.3]
	at org.apache.catalina.authenticator.AuthenticatorBase.invoke(AuthenticatorBase.java:615) [catalina.jar:8.0.3]
	at org.apache.catalina.core.StandardHostValve.invoke(StandardHostValve.java:136) [catalina.jar:8.0.3]
	at org.apache.catalina.valves.ErrorReportValve.invoke(ErrorReportValve.java:74) [catalina.jar:8.0.3]
	at org.apache.catalina.valves.AbstractAccessLogValve.invoke(AbstractAccessLogValve.java:610) [catalina.jar:8.0.3]
	at org.apache.catalina.core.StandardEngineValve.invoke(StandardEngineValve.java:88) [catalina.jar:8.0.3]
	at org.apache.catalina.connector.CoyoteAdapter.service(CoyoteAdapter.java:516) [catalina.jar:8.0.3]
	at org.apache.coyote.http11.AbstractHttp11Processor.process(AbstractHttp11Processor.java:1015) [tomcat-coyote.jar:8.0.3]
	at org.apache.coyote.AbstractProtocol$AbstractConnectionHandler.process(AbstractProtocol.java:652) [tomcat-coyote.jar:8.0.3]
	at org.apache.coyote.http11.Http11NioProtocol$Http11ConnectionHandler.process(Http11NioProtocol.java:222) [tomcat-coyote.jar:8.0.3]
	at org.apache.tomcat.util.net.NioEndpoint$SocketProcessor.doRun(NioEndpoint.java:1575) [tomcat-coyote.jar:8.0.3]
	at org.apache.tomcat.util.net.NioEndpoint$SocketProcessor.run(NioEndpoint.java:1533) [tomcat-coyote.jar:8.0.3]
	at java.util.concurrent.ThreadPoolExecutor.runWorker(ThreadPoolExecutor.java:1145) [?:1.7.0_25]
	at java.util.concurrent.ThreadPoolExecutor$Worker.run(ThreadPoolExecutor.java:615) [?:1.7.0_25]
	at java.lang.Thread.run(Thread.java:724) [?:1.7.0_25]
16:00:44.979 [http-nio-8443-exec-24] DEBUG com.pankratov.prodlist.model.JDBCUsDAO - i am createdcom.pankratov.prodlist.model.JDBCUsDAO@1260bfb
16:00:44.983 [http-nio-8443-exec-24] ERROR com.pankratov.prodlist.model.JDBCUsDAO - 'readUser error' wrong db tables
java.lang.NullPointerException
	at com.pankratov.prodlist.model.JDBCUsDAO$Table.access$500(JDBCUsDAO.java:23) ~[JDBCUsDAO$Table.class:?]
	at com.pankratov.prodlist.model.JDBCUsDAO.readUser(JDBCUsDAO.java:129) [JDBCUsDAO.class:?]
	at com.pankratov.prodlist.web.ShowUserServlet.doPost(ShowUserServlet.java:84) [ShowUserServlet.class:?]
	at javax.servlet.http.HttpServlet.service(HttpServlet.java:644) [servlet-api.jar:?]
	at javax.servlet.http.HttpServlet.service(HttpServlet.java:725) [servlet-api.jar:?]
	at org.apache.catalina.core.ApplicationFilterChain.internalDoFilter(ApplicationFilterChain.java:301) [catalina.jar:8.0.3]
	at org.apache.catalina.core.ApplicationFilterChain.doFilter(ApplicationFilterChain.java:206) [catalina.jar:8.0.3]
	at org.apache.tomcat.websocket.server.WsFilter.doFilter(WsFilter.java:52) [tomcat-websocket.jar:8.0.3]
	at org.apache.catalina.core.ApplicationFilterChain.internalDoFilter(ApplicationFilterChain.java:239) [catalina.jar:8.0.3]
	at org.apache.catalina.core.ApplicationFilterChain.doFilter(ApplicationFilterChain.java:206) [catalina.jar:8.0.3]
	at org.netbeans.modules.web.monitor.server.MonitorFilter.doFilter(MonitorFilter.java:393) [org-netbeans-modules-web-httpmonitor.jar:?]
	at org.apache.catalina.core.ApplicationFilterChain.internalDoFilter(ApplicationFilterChain.java:239) [catalina.jar:8.0.3]
	at org.apache.catalina.core.ApplicationFilterChain.doFilter(ApplicationFilterChain.java:206) [catalina.jar:8.0.3]
	at org.apache.catalina.core.StandardWrapperValve.invoke(StandardWrapperValve.java:219) [catalina.jar:8.0.3]
	at org.apache.catalina.core.StandardContextValve.invoke(StandardContextValve.java:106) [catalina.jar:8.0.3]
	at org.apache.catalina.authenticator.AuthenticatorBase.invoke(AuthenticatorBase.java:615) [catalina.jar:8.0.3]
	at org.apache.catalina.core.StandardHostValve.invoke(StandardHostValve.java:136) [catalina.jar:8.0.3]
	at org.apache.catalina.valves.ErrorReportValve.invoke(ErrorReportValve.java:74) [catalina.jar:8.0.3]
	at org.apache.catalina.valves.AbstractAccessLogValve.invoke(AbstractAccessLogValve.java:610) [catalina.jar:8.0.3]
	at org.apache.catalina.core.StandardEngineValve.invoke(StandardEngineValve.java:88) [catalina.jar:8.0.3]
	at org.apache.catalina.connector.CoyoteAdapter.service(CoyoteAdapter.java:516) [catalina.jar:8.0.3]
	at org.apache.coyote.http11.AbstractHttp11Processor.process(AbstractHttp11Processor.java:1015) [tomcat-coyote.jar:8.0.3]
	at org.apache.coyote.AbstractProtocol$AbstractConnectionHandler.process(AbstractProtocol.java:652) [tomcat-coyote.jar:8.0.3]
	at org.apache.coyote.http11.Http11NioProtocol$Http11ConnectionHandler.process(Http11NioProtocol.java:222) [tomcat-coyote.jar:8.0.3]
	at org.apache.tomcat.util.net.NioEndpoint$SocketProcessor.doRun(NioEndpoint.java:1575) [tomcat-coyote.jar:8.0.3]
	at org.apache.tomcat.util.net.NioEndpoint$SocketProcessor.run(NioEndpoint.java:1533) [tomcat-coyote.jar:8.0.3]
	at java.util.concurrent.ThreadPoolExecutor.runWorker(ThreadPoolExecutor.java:1145) [?:1.7.0_25]
	at java.util.concurrent.ThreadPoolExecutor$Worker.run(ThreadPoolExecutor.java:615) [?:1.7.0_25]
	at java.lang.Thread.run(Thread.java:724) [?:1.7.0_25]
16:02:01.848 [http-nio-8443-exec-19] DEBUG com.pankratov.prodlist.model.JDBCUsDAO - i am createdcom.pankratov.prodlist.model.JDBCUsDAO@c95878
16:02:01.851 [http-nio-8443-exec-19] ERROR com.pankratov.prodlist.model.JDBCUsDAO - 'readUser error' wrong db tables
java.lang.NullPointerException
	at com.pankratov.prodlist.model.JDBCUsDAO$Table.access$500(JDBCUsDAO.java:23) ~[JDBCUsDAO$Table.class:?]
	at com.pankratov.prodlist.model.JDBCUsDAO.readUser(JDBCUsDAO.java:129) [JDBCUsDAO.class:?]
	at com.pankratov.prodlist.web.ShowUserServlet.doPost(ShowUserServlet.java:84) [ShowUserServlet.class:?]
	at javax.servlet.http.HttpServlet.service(HttpServlet.java:644) [servlet-api.jar:?]
	at javax.servlet.http.HttpServlet.service(HttpServlet.java:725) [servlet-api.jar:?]
	at org.apache.catalina.core.ApplicationFilterChain.internalDoFilter(ApplicationFilterChain.java:301) [catalina.jar:8.0.3]
	at org.apache.catalina.core.ApplicationFilterChain.doFilter(ApplicationFilterChain.java:206) [catalina.jar:8.0.3]
	at org.apache.tomcat.websocket.server.WsFilter.doFilter(WsFilter.java:52) [tomcat-websocket.jar:8.0.3]
	at org.apache.catalina.core.ApplicationFilterChain.internalDoFilter(ApplicationFilterChain.java:239) [catalina.jar:8.0.3]
	at org.apache.catalina.core.ApplicationFilterChain.doFilter(ApplicationFilterChain.java:206) [catalina.jar:8.0.3]
	at org.netbeans.modules.web.monitor.server.MonitorFilter.doFilter(MonitorFilter.java:393) [org-netbeans-modules-web-httpmonitor.jar:?]
	at org.apache.catalina.core.ApplicationFilterChain.internalDoFilter(ApplicationFilterChain.java:239) [catalina.jar:8.0.3]
	at org.apache.catalina.core.ApplicationFilterChain.doFilter(ApplicationFilterChain.java:206) [catalina.jar:8.0.3]
	at org.apache.catalina.core.StandardWrapperValve.invoke(StandardWrapperValve.java:219) [catalina.jar:8.0.3]
	at org.apache.catalina.core.StandardContextValve.invoke(StandardContextValve.java:106) [catalina.jar:8.0.3]
	at org.apache.catalina.authenticator.AuthenticatorBase.invoke(AuthenticatorBase.java:615) [catalina.jar:8.0.3]
	at org.apache.catalina.core.StandardHostValve.invoke(StandardHostValve.java:136) [catalina.jar:8.0.3]
	at org.apache.catalina.valves.ErrorReportValve.invoke(ErrorReportValve.java:74) [catalina.jar:8.0.3]
	at org.apache.catalina.valves.AbstractAccessLogValve.invoke(AbstractAccessLogValve.java:610) [catalina.jar:8.0.3]
	at org.apache.catalina.core.StandardEngineValve.invoke(StandardEngineValve.java:88) [catalina.jar:8.0.3]
	at org.apache.catalina.connector.CoyoteAdapter.service(CoyoteAdapter.java:516) [catalina.jar:8.0.3]
	at org.apache.coyote.http11.AbstractHttp11Processor.process(AbstractHttp11Processor.java:1015) [tomcat-coyote.jar:8.0.3]
	at org.apache.coyote.AbstractProtocol$AbstractConnectionHandler.process(AbstractProtocol.java:652) [tomcat-coyote.jar:8.0.3]
	at org.apache.coyote.http11.Http11NioProtocol$Http11ConnectionHandler.process(Http11NioProtocol.java:222) [tomcat-coyote.jar:8.0.3]
	at org.apache.tomcat.util.net.NioEndpoint$SocketProcessor.doRun(NioEndpoint.java:1575) [tomcat-coyote.jar:8.0.3]
	at org.apache.tomcat.util.net.NioEndpoint$SocketProcessor.run(NioEndpoint.java:1533) [tomcat-coyote.jar:8.0.3]
	at java.util.concurrent.ThreadPoolExecutor.runWorker(ThreadPoolExecutor.java:1145) [?:1.7.0_25]
	at java.util.concurrent.ThreadPoolExecutor$Worker.run(ThreadPoolExecutor.java:615) [?:1.7.0_25]
	at java.lang.Thread.run(Thread.java:724) [?:1.7.0_25]
16:02:59.876 [http-nio-8443-exec-32] DEBUG com.pankratov.prodlist.model.JDBCUsDAO - i am createdcom.pankratov.prodlist.model.JDBCUsDAO@1b4b0af
16:02:59.879 [http-nio-8443-exec-32] ERROR com.pankratov.prodlist.model.JDBCUsDAO - 'readUser error' wrong db tables
java.lang.NullPointerException
	at com.pankratov.prodlist.model.JDBCUsDAO$Table.access$500(JDBCUsDAO.java:23) ~[JDBCUsDAO$Table.class:?]
	at com.pankratov.prodlist.model.JDBCUsDAO.readUser(JDBCUsDAO.java:129) [JDBCUsDAO.class:?]
	at com.pankratov.prodlist.web.ShowUserServlet.doPost(ShowUserServlet.java:84) [ShowUserServlet.class:?]
	at javax.servlet.http.HttpServlet.service(HttpServlet.java:644) [servlet-api.jar:?]
	at javax.servlet.http.HttpServlet.service(HttpServlet.java:725) [servlet-api.jar:?]
	at org.apache.catalina.core.ApplicationFilterChain.internalDoFilter(ApplicationFilterChain.java:301) [catalina.jar:8.0.3]
	at org.apache.catalina.core.ApplicationFilterChain.doFilter(ApplicationFilterChain.java:206) [catalina.jar:8.0.3]
	at org.apache.tomcat.websocket.server.WsFilter.doFilter(WsFilter.java:52) [tomcat-websocket.jar:8.0.3]
	at org.apache.catalina.core.ApplicationFilterChain.internalDoFilter(ApplicationFilterChain.java:239) [catalina.jar:8.0.3]
	at org.apache.catalina.core.ApplicationFilterChain.doFilter(ApplicationFilterChain.java:206) [catalina.jar:8.0.3]
	at org.netbeans.modules.web.monitor.server.MonitorFilter.doFilter(MonitorFilter.java:393) [org-netbeans-modules-web-httpmonitor.jar:?]
	at org.apache.catalina.core.ApplicationFilterChain.internalDoFilter(ApplicationFilterChain.java:239) [catalina.jar:8.0.3]
	at org.apache.catalina.core.ApplicationFilterChain.doFilter(ApplicationFilterChain.java:206) [catalina.jar:8.0.3]
	at org.apache.catalina.core.StandardWrapperValve.invoke(StandardWrapperValve.java:219) [catalina.jar:8.0.3]
	at org.apache.catalina.core.StandardContextValve.invoke(StandardContextValve.java:106) [catalina.jar:8.0.3]
	at org.apache.catalina.authenticator.AuthenticatorBase.invoke(AuthenticatorBase.java:615) [catalina.jar:8.0.3]
	at org.apache.catalina.core.StandardHostValve.invoke(StandardHostValve.java:136) [catalina.jar:8.0.3]
	at org.apache.catalina.valves.ErrorReportValve.invoke(ErrorReportValve.java:74) [catalina.jar:8.0.3]
	at org.apache.catalina.valves.AbstractAccessLogValve.invoke(AbstractAccessLogValve.java:610) [catalina.jar:8.0.3]
	at org.apache.catalina.core.StandardEngineValve.invoke(StandardEngineValve.java:88) [catalina.jar:8.0.3]
	at org.apache.catalina.connector.CoyoteAdapter.service(CoyoteAdapter.java:516) [catalina.jar:8.0.3]
	at org.apache.coyote.http11.AbstractHttp11Processor.process(AbstractHttp11Processor.java:1015) [tomcat-coyote.jar:8.0.3]
	at org.apache.coyote.AbstractProtocol$AbstractConnectionHandler.process(AbstractProtocol.java:652) [tomcat-coyote.jar:8.0.3]
	at org.apache.coyote.http11.Http11NioProtocol$Http11ConnectionHandler.process(Http11NioProtocol.java:222) [tomcat-coyote.jar:8.0.3]
	at org.apache.tomcat.util.net.NioEndpoint$SocketProcessor.doRun(NioEndpoint.java:1575) [tomcat-coyote.jar:8.0.3]
	at org.apache.tomcat.util.net.NioEndpoint$SocketProcessor.run(NioEndpoint.java:1533) [tomcat-coyote.jar:8.0.3]
	at java.util.concurrent.ThreadPoolExecutor.runWorker(ThreadPoolExecutor.java:1145) [?:1.7.0_25]
	at java.util.concurrent.ThreadPoolExecutor$Worker.run(ThreadPoolExecutor.java:615) [?:1.7.0_25]
	at java.lang.Thread.run(Thread.java:724) [?:1.7.0_25]
16:10:15.460 [http-nio-8443-exec-43] DEBUG com.pankratov.prodlist.model.JDBCUsDAO - i am createdcom.pankratov.prodlist.model.JDBCUsDAO@393d4d
16:10:15.463 [http-nio-8443-exec-43] ERROR com.pankratov.prodlist.model.JDBCUsDAO - 'readUser error' wrong db tables
java.lang.NullPointerException
	at com.pankratov.prodlist.model.JDBCUsDAO$Table.access$500(JDBCUsDAO.java:23) ~[JDBCUsDAO$Table.class:?]
	at com.pankratov.prodlist.model.JDBCUsDAO.readUser(JDBCUsDAO.java:129) [JDBCUsDAO.class:?]
	at com.pankratov.prodlist.web.ShowUserServlet.doPost(ShowUserServlet.java:84) [ShowUserServlet.class:?]
	at javax.servlet.http.HttpServlet.service(HttpServlet.java:644) [servlet-api.jar:?]
	at javax.servlet.http.HttpServlet.service(HttpServlet.java:725) [servlet-api.jar:?]
	at org.apache.catalina.core.ApplicationFilterChain.internalDoFilter(ApplicationFilterChain.java:301) [catalina.jar:8.0.3]
	at org.apache.catalina.core.ApplicationFilterChain.doFilter(ApplicationFilterChain.java:206) [catalina.jar:8.0.3]
	at org.apache.tomcat.websocket.server.WsFilter.doFilter(WsFilter.java:52) [tomcat-websocket.jar:8.0.3]
	at org.apache.catalina.core.ApplicationFilterChain.internalDoFilter(ApplicationFilterChain.java:239) [catalina.jar:8.0.3]
	at org.apache.catalina.core.ApplicationFilterChain.doFilter(ApplicationFilterChain.java:206) [catalina.jar:8.0.3]
	at org.netbeans.modules.web.monitor.server.MonitorFilter.doFilter(MonitorFilter.java:393) [org-netbeans-modules-web-httpmonitor.jar:?]
	at org.apache.catalina.core.ApplicationFilterChain.internalDoFilter(ApplicationFilterChain.java:239) [catalina.jar:8.0.3]
	at org.apache.catalina.core.ApplicationFilterChain.doFilter(ApplicationFilterChain.java:206) [catalina.jar:8.0.3]
	at org.apache.catalina.core.StandardWrapperValve.invoke(StandardWrapperValve.java:219) [catalina.jar:8.0.3]
	at org.apache.catalina.core.StandardContextValve.invoke(StandardContextValve.java:106) [catalina.jar:8.0.3]
	at org.apache.catalina.authenticator.AuthenticatorBase.invoke(AuthenticatorBase.java:615) [catalina.jar:8.0.3]
	at org.apache.catalina.core.StandardHostValve.invoke(StandardHostValve.java:136) [catalina.jar:8.0.3]
	at org.apache.catalina.valves.ErrorReportValve.invoke(ErrorReportValve.java:74) [catalina.jar:8.0.3]
	at org.apache.catalina.valves.AbstractAccessLogValve.invoke(AbstractAccessLogValve.java:610) [catalina.jar:8.0.3]
	at org.apache.catalina.core.StandardEngineValve.invoke(StandardEngineValve.java:88) [catalina.jar:8.0.3]
	at org.apache.catalina.connector.CoyoteAdapter.service(CoyoteAdapter.java:516) [catalina.jar:8.0.3]
	at org.apache.coyote.http11.AbstractHttp11Processor.process(AbstractHttp11Processor.java:1015) [tomcat-coyote.jar:8.0.3]
	at org.apache.coyote.AbstractProtocol$AbstractConnectionHandler.process(AbstractProtocol.java:652) [tomcat-coyote.jar:8.0.3]
	at org.apache.coyote.http11.Http11NioProtocol$Http11ConnectionHandler.process(Http11NioProtocol.java:222) [tomcat-coyote.jar:8.0.3]
	at org.apache.tomcat.util.net.NioEndpoint$SocketProcessor.doRun(NioEndpoint.java:1575) [tomcat-coyote.jar:8.0.3]
	at org.apache.tomcat.util.net.NioEndpoint$SocketProcessor.run(NioEndpoint.java:1533) [tomcat-coyote.jar:8.0.3]
	at java.util.concurrent.ThreadPoolExecutor.runWorker(ThreadPoolExecutor.java:1145) [?:1.7.0_25]
	at java.util.concurrent.ThreadPoolExecutor$Worker.run(ThreadPoolExecutor.java:615) [?:1.7.0_25]
	at java.lang.Thread.run(Thread.java:724) [?:1.7.0_25]
16:19:26.144 [http-nio-8443-exec-62] DEBUG com.pankratov.prodlist.model.JDBCUsDAO - i am createdcom.pankratov.prodlist.model.JDBCUsDAO@1ca5e9
16:19:26.161 [http-nio-8443-exec-62] ERROR com.pankratov.prodlist.model.JDBCUsDAO - 'readUser error' wrong db tables
java.lang.NullPointerException
	at com.pankratov.prodlist.model.JDBCUsDAO$Table.access$500(JDBCUsDAO.java:23) ~[JDBCUsDAO$Table.class:?]
	at com.pankratov.prodlist.model.JDBCUsDAO.readUser(JDBCUsDAO.java:130) [JDBCUsDAO.class:?]
	at com.pankratov.prodlist.web.ShowUserServlet.doPost(ShowUserServlet.java:84) [ShowUserServlet.class:?]
	at javax.servlet.http.HttpServlet.service(HttpServlet.java:644) [servlet-api.jar:?]
	at javax.servlet.http.HttpServlet.service(HttpServlet.java:725) [servlet-api.jar:?]
	at org.apache.catalina.core.ApplicationFilterChain.internalDoFilter(ApplicationFilterChain.java:301) [catalina.jar:8.0.3]
	at org.apache.catalina.core.ApplicationFilterChain.doFilter(ApplicationFilterChain.java:206) [catalina.jar:8.0.3]
	at org.apache.tomcat.websocket.server.WsFilter.doFilter(WsFilter.java:52) [tomcat-websocket.jar:8.0.3]
	at org.apache.catalina.core.ApplicationFilterChain.internalDoFilter(ApplicationFilterChain.java:239) [catalina.jar:8.0.3]
	at org.apache.catalina.core.ApplicationFilterChain.doFilter(ApplicationFilterChain.java:206) [catalina.jar:8.0.3]
	at org.netbeans.modules.web.monitor.server.MonitorFilter.doFilter(MonitorFilter.java:393) [org-netbeans-modules-web-httpmonitor.jar:?]
	at org.apache.catalina.core.ApplicationFilterChain.internalDoFilter(ApplicationFilterChain.java:239) [catalina.jar:8.0.3]
	at org.apache.catalina.core.ApplicationFilterChain.doFilter(ApplicationFilterChain.java:206) [catalina.jar:8.0.3]
	at org.apache.catalina.core.StandardWrapperValve.invoke(StandardWrapperValve.java:219) [catalina.jar:8.0.3]
	at org.apache.catalina.core.StandardContextValve.invoke(StandardContextValve.java:106) [catalina.jar:8.0.3]
	at org.apache.catalina.authenticator.AuthenticatorBase.invoke(AuthenticatorBase.java:615) [catalina.jar:8.0.3]
	at org.apache.catalina.core.StandardHostValve.invoke(StandardHostValve.java:136) [catalina.jar:8.0.3]
	at org.apache.catalina.valves.ErrorReportValve.invoke(ErrorReportValve.java:74) [catalina.jar:8.0.3]
	at org.apache.catalina.valves.AbstractAccessLogValve.invoke(AbstractAccessLogValve.java:610) [catalina.jar:8.0.3]
	at org.apache.catalina.core.StandardEngineValve.invoke(StandardEngineValve.java:88) [catalina.jar:8.0.3]
	at org.apache.catalina.connector.CoyoteAdapter.service(CoyoteAdapter.java:516) [catalina.jar:8.0.3]
	at org.apache.coyote.http11.AbstractHttp11Processor.process(AbstractHttp11Processor.java:1015) [tomcat-coyote.jar:8.0.3]
	at org.apache.coyote.AbstractProtocol$AbstractConnectionHandler.process(AbstractProtocol.java:652) [tomcat-coyote.jar:8.0.3]
	at org.apache.coyote.http11.Http11NioProtocol$Http11ConnectionHandler.process(Http11NioProtocol.java:222) [tomcat-coyote.jar:8.0.3]
	at org.apache.tomcat.util.net.NioEndpoint$SocketProcessor.doRun(NioEndpoint.java:1575) [tomcat-coyote.jar:8.0.3]
	at org.apache.tomcat.util.net.NioEndpoint$SocketProcessor.run(NioEndpoint.java:1533) [tomcat-coyote.jar:8.0.3]
	at java.util.concurrent.ThreadPoolExecutor.runWorker(ThreadPoolExecutor.java:1145) [?:1.7.0_25]
	at java.util.concurrent.ThreadPoolExecutor$Worker.run(ThreadPoolExecutor.java:615) [?:1.7.0_25]
	at java.lang.Thread.run(Thread.java:724) [?:1.7.0_25]
16:23:24.037 [http-nio-8443-exec-66] DEBUG com.pankratov.prodlist.model.JDBCUsDAO - created table user_info with columns: [user_name, first_name, last_name, email] rowset:com.sun.rowset.CachedRowSetImpl@52c18c
16:23:24.039 [http-nio-8443-exec-66] DEBUG com.pankratov.prodlist.model.JDBCUsDAO - created table user_roles with columns: [user_name, role_name] rowset:com.sun.rowset.CachedRowSetImpl@1b25e14
16:23:24.039 [http-nio-8443-exec-66] DEBUG com.pankratov.prodlist.model.JDBCUsDAO - i am createdcom.pankratov.prodlist.model.JDBCUsDAO@14702f1
16:23:24.040 [http-nio-8443-exec-66] ERROR com.pankratov.prodlist.model.JDBCUsDAO - 'readUser error' wrong db tables
java.lang.NullPointerException
	at com.pankratov.prodlist.model.JDBCUsDAO$Table.access$500(JDBCUsDAO.java:23) ~[JDBCUsDAO$Table.class:?]
	at com.pankratov.prodlist.model.JDBCUsDAO.readUser(JDBCUsDAO.java:130) [JDBCUsDAO.class:?]
	at com.pankratov.prodlist.web.ShowUserServlet.doPost(ShowUserServlet.java:84) [ShowUserServlet.class:?]
	at javax.servlet.http.HttpServlet.service(HttpServlet.java:644) [servlet-api.jar:?]
	at javax.servlet.http.HttpServlet.service(HttpServlet.java:725) [servlet-api.jar:?]
	at org.apache.catalina.core.ApplicationFilterChain.internalDoFilter(ApplicationFilterChain.java:301) [catalina.jar:8.0.3]
	at org.apache.catalina.core.ApplicationFilterChain.doFilter(ApplicationFilterChain.java:206) [catalina.jar:8.0.3]
	at org.apache.tomcat.websocket.server.WsFilter.doFilter(WsFilter.java:52) [tomcat-websocket.jar:8.0.3]
	at org.apache.catalina.core.ApplicationFilterChain.internalDoFilter(ApplicationFilterChain.java:239) [catalina.jar:8.0.3]
	at org.apache.catalina.core.ApplicationFilterChain.doFilter(ApplicationFilterChain.java:206) [catalina.jar:8.0.3]
	at org.netbeans.modules.web.monitor.server.MonitorFilter.doFilter(MonitorFilter.java:393) [org-netbeans-modules-web-httpmonitor.jar:?]
	at org.apache.catalina.core.ApplicationFilterChain.internalDoFilter(ApplicationFilterChain.java:239) [catalina.jar:8.0.3]
	at org.apache.catalina.core.ApplicationFilterChain.doFilter(ApplicationFilterChain.java:206) [catalina.jar:8.0.3]
	at org.apache.catalina.core.StandardWrapperValve.invoke(StandardWrapperValve.java:219) [catalina.jar:8.0.3]
	at org.apache.catalina.core.StandardContextValve.invoke(StandardContextValve.java:106) [catalina.jar:8.0.3]
	at org.apache.catalina.authenticator.AuthenticatorBase.invoke(AuthenticatorBase.java:615) [catalina.jar:8.0.3]
	at org.apache.catalina.core.StandardHostValve.invoke(StandardHostValve.java:136) [catalina.jar:8.0.3]
	at org.apache.catalina.valves.ErrorReportValve.invoke(ErrorReportValve.java:74) [catalina.jar:8.0.3]
	at org.apache.catalina.valves.AbstractAccessLogValve.invoke(AbstractAccessLogValve.java:610) [catalina.jar:8.0.3]
	at org.apache.catalina.core.StandardEngineValve.invoke(StandardEngineValve.java:88) [catalina.jar:8.0.3]
	at org.apache.catalina.connector.CoyoteAdapter.service(CoyoteAdapter.java:516) [catalina.jar:8.0.3]
	at org.apache.coyote.http11.AbstractHttp11Processor.process(AbstractHttp11Processor.java:1015) [tomcat-coyote.jar:8.0.3]
	at org.apache.coyote.AbstractProtocol$AbstractConnectionHandler.process(AbstractProtocol.java:652) [tomcat-coyote.jar:8.0.3]
	at org.apache.coyote.http11.Http11NioProtocol$Http11ConnectionHandler.process(Http11NioProtocol.java:222) [tomcat-coyote.jar:8.0.3]
	at org.apache.tomcat.util.net.NioEndpoint$SocketProcessor.doRun(NioEndpoint.java:1575) [tomcat-coyote.jar:8.0.3]
	at org.apache.tomcat.util.net.NioEndpoint$SocketProcessor.run(NioEndpoint.java:1533) [tomcat-coyote.jar:8.0.3]
	at java.util.concurrent.ThreadPoolExecutor.runWorker(ThreadPoolExecutor.java:1145) [?:1.7.0_25]
	at java.util.concurrent.ThreadPoolExecutor$Worker.run(ThreadPoolExecutor.java:615) [?:1.7.0_25]
	at java.lang.Thread.run(Thread.java:724) [?:1.7.0_25]
17:27:46.634 [http-nio-8443-exec-87] ERROR com.pankratov.prodlist.model.JDBCUsDAO - JDBCUsDAO creation error
java.lang.NullPointerException
	at com.pankratov.prodlist.model.JDBCUsDAO.<init>(JDBCUsDAO.java:103) [JDBCUsDAO.class:?]
	at com.pankratov.prodlist.model.JDBCUsDAO.getInstance(JDBCUsDAO.java:77) [JDBCUsDAO.class:?]
	at com.pankratov.prodlist.model.UserDAOFactory.getUserDAOInstance(UserDAOFactory.java:21) [UserDAOFactory.class:?]
	at com.pankratov.prodlist.web.ShowUserServlet.doPost(ShowUserServlet.java:83) [ShowUserServlet.class:?]
	at javax.servlet.http.HttpServlet.service(HttpServlet.java:644) [servlet-api.jar:?]
	at javax.servlet.http.HttpServlet.service(HttpServlet.java:725) [servlet-api.jar:?]
	at org.apache.catalina.core.ApplicationFilterChain.internalDoFilter(ApplicationFilterChain.java:301) [catalina.jar:8.0.3]
	at org.apache.catalina.core.ApplicationFilterChain.doFilter(ApplicationFilterChain.java:206) [catalina.jar:8.0.3]
	at org.apache.tomcat.websocket.server.WsFilter.doFilter(WsFilter.java:52) [tomcat-websocket.jar:8.0.3]
	at org.apache.catalina.core.ApplicationFilterChain.internalDoFilter(ApplicationFilterChain.java:239) [catalina.jar:8.0.3]
	at org.apache.catalina.core.ApplicationFilterChain.doFilter(ApplicationFilterChain.java:206) [catalina.jar:8.0.3]
	at org.netbeans.modules.web.monitor.server.MonitorFilter.doFilter(MonitorFilter.java:393) [org-netbeans-modules-web-httpmonitor.jar:?]
	at org.apache.catalina.core.ApplicationFilterChain.internalDoFilter(ApplicationFilterChain.java:239) [catalina.jar:8.0.3]
	at org.apache.catalina.core.ApplicationFilterChain.doFilter(ApplicationFilterChain.java:206) [catalina.jar:8.0.3]
	at org.apache.catalina.core.StandardWrapperValve.invoke(StandardWrapperValve.java:219) [catalina.jar:8.0.3]
	at org.apache.catalina.core.StandardContextValve.invoke(StandardContextValve.java:106) [catalina.jar:8.0.3]
	at org.apache.catalina.authenticator.AuthenticatorBase.invoke(AuthenticatorBase.java:615) [catalina.jar:8.0.3]
	at org.apache.catalina.core.StandardHostValve.invoke(StandardHostValve.java:136) [catalina.jar:8.0.3]
	at org.apache.catalina.valves.ErrorReportValve.invoke(ErrorReportValve.java:74) [catalina.jar:8.0.3]
	at org.apache.catalina.valves.AbstractAccessLogValve.invoke(AbstractAccessLogValve.java:610) [catalina.jar:8.0.3]
	at org.apache.catalina.core.StandardEngineValve.invoke(StandardEngineValve.java:88) [catalina.jar:8.0.3]
	at org.apache.catalina.connector.CoyoteAdapter.service(CoyoteAdapter.java:516) [catalina.jar:8.0.3]
	at org.apache.coyote.http11.AbstractHttp11Processor.process(AbstractHttp11Processor.java:1015) [tomcat-coyote.jar:8.0.3]
	at org.apache.coyote.AbstractProtocol$AbstractConnectionHandler.process(AbstractProtocol.java:652) [tomcat-coyote.jar:8.0.3]
	at org.apache.coyote.http11.Http11NioProtocol$Http11ConnectionHandler.process(Http11NioProtocol.java:222) [tomcat-coyote.jar:8.0.3]
	at org.apache.tomcat.util.net.NioEndpoint$SocketProcessor.doRun(NioEndpoint.java:1575) [tomcat-coyote.jar:8.0.3]
	at org.apache.tomcat.util.net.NioEndpoint$SocketProcessor.run(NioEndpoint.java:1533) [tomcat-coyote.jar:8.0.3]
	at java.util.concurrent.ThreadPoolExecutor.runWorker(ThreadPoolExecutor.java:1145) [?:1.7.0_25]
	at java.util.concurrent.ThreadPoolExecutor$Worker.run(ThreadPoolExecutor.java:615) [?:1.7.0_25]
	at java.lang.Thread.run(Thread.java:724) [?:1.7.0_25]
